converged SCF energy = -1094.58908926118


******** <class 'pyscf.tdscf.rks.TDA'> for <class 'pyscf.dft.rks.RKS'> ********
nstates = 8 singlet
wfnsym = None
conv_tol = 1e-09
eigh lindep = 1e-12
eigh level_shift = 0
eigh max_space = 50
eigh max_cycle = 100
chkfile = /tmp/tmp45uvfvfn
max_memory 4000 MB (current use 209 MB)


davidson 0 8  |r|= 0.168  e= [0.1050577  0.14331995 0.18577842 0.18908792 0.1896125  0.20102914
 0.20779816 0.23209465]  max|de|= 0.232  lindep=    1
Old state -> New state
    4     ->     2 
    2     ->     4 
davidson 1 16  |r|= 0.0444  e= [0.09528823 0.13000125 0.16773283 0.17442332 0.17935707 0.1856793
 0.19286424 0.20653483]  max|de|= -0.0256  lindep= 0.911
Old state -> New state
    3     ->     2 
    2     ->     3 
davidson 2 24  |r|= 0.0571  e= [0.09441558 0.12747042 0.16345092 0.1652251  0.17477938 0.17857502
 0.18826132 0.20235701]  max|de|= -0.011  lindep= 0.902
davidson 3 32  |r|= 0.0204  e= [0.09431034 0.12715706 0.16032945 0.16478719 0.1732209  0.17693577
 0.18755956 0.20111598]  max|de|= -0.00312  lindep= 0.864
davidson 4 40  |r|= 0.0136  e= [0.09429169 0.12712343 0.1596939  0.1646721  0.17253592 0.17654494
 0.18719991 0.20040539]  max|de|= -0.000711  lindep= 0.852
Old state -> New state
    6     ->     7 
davidson 5 48  |r|= 0.0581  e= [0.09428913 0.12712057 0.15940506 0.16464561 0.17238941 0.17646507
 0.18703872 0.19634865]  max|de|= 0.00915  lindep= 0.877
davidson 6 56  |r|= 0.0313  e= [0.09428891 0.12712021 0.15927977 0.16463945 0.17236852 0.17644684
 0.18695718 0.19014277]  max|de|= -0.00621  lindep= 0.873
davidson 7 64  |r|= 0.0195  e= [0.09428888 0.12712017 0.159236   0.16463779 0.17236542 0.17644301
 0.18687672 0.18832838]  max|de|= -0.00181  lindep= 0.863
davidson 8 8  |r|= 0.0195  e= [0.09428888 0.12712017 0.159236   0.16463779 0.17236542 0.17644301
 0.18687672 0.18832838]  max|de|= 5.72e-15  lindep= 0.998
davidson 9 16  |r|= 0.01  e= [0.09428888 0.12712017 0.1592272  0.16463747 0.17236479 0.17644231
 0.18682712 0.18790525]  max|de|= -0.000423  lindep= 0.829
root 0 converged  |r|= 6.68e-06  e= 0.09428887487093617  max|de|= -3.53e-10
root 1 converged  |r|= 9.05e-06  e= 0.12712016830169798  max|de|= -7.26e-10
davidson 10 24  |r|= 0.00718  e= [0.09428887 0.12712017 0.15922363 0.16463733 0.17236449 0.17644199
 0.18678421 0.18768855]  max|de|= -0.000217  lindep= 0.936
davidson 11 30  |r|= 0.00583  e= [0.09428887 0.12712017 0.15922259 0.16463727 0.1723644  0.17644189
 0.18675221 0.18757543]  max|de|= -0.000113  lindep= 0.858
davidson 12 36  |r|= 0.00456  e= [0.09428887 0.12712017 0.1592223  0.16463725 0.17236437 0.17644186
 0.18672693 0.18750607]  max|de|= -6.94e-05  lindep= 0.911
davidson 13 42  |r|= 0.00351  e= [0.09428887 0.12712017 0.15922218 0.16463724 0.17236437 0.17644184
 0.18670766 0.18746098]  max|de|= -4.51e-05  lindep= 0.876
davidson 14 48  |r|= 0.00205  e= [0.09428887 0.12712017 0.15922213 0.16463724 0.17236436 0.17644184
 0.18669765 0.18743878]  max|de|= -2.22e-05  lindep= 0.897
root 3 converged  |r|= 9.23e-06  e= 0.16463724062677426  max|de|= -4.29e-10
root 4 converged  |r|= 1.05e-05  e= 0.17236436247911704  max|de|= -5.77e-10
davidson 15 54  |r|= 0.00139  e= [0.09428887 0.12712017 0.15922212 0.16463724 0.17236436 0.17644184
 0.18669452 0.18743143]  max|de|= -7.35e-06  lindep= 0.894
root 5 converged  |r|= 1.05e-05  e= 0.17644183607805838  max|de|= -6.23e-10
davidson 16 58  |r|= 0.000783  e= [0.09428887 0.12712017 0.15922211 0.16463724 0.17236436 0.17644184
 0.18669327 0.18742826]  max|de|= -3.17e-06  lindep= 0.857
davidson 17 61  |r|= 0.000749  e= [0.09428887 0.12712017 0.15922211 0.16463724 0.17236436 0.17644184
 0.18669272 0.18742656]  max|de|= -1.69e-06  lindep= 0.876
root 2 converged  |r|= 5.63e-06  e= 0.1592221111569141  max|de|= -2.43e-10
davidson 18 64  |r|= 0.000441  e= [0.09428887 0.12712017 0.15922211 0.16463724 0.17236436 0.17644184
 0.18669245 0.18742561]  max|de|= -9.5e-07  lindep= 0.927
davidson 19 8  |r|= 0.000441  e= [0.09428887 0.12712017 0.15922211 0.16463724 0.17236436 0.17644184
 0.18669245 0.18742561]  max|de|= -7.24e-15  lindep= 0.994
davidson 20 10  |r|= 0.000249  e= [0.09428887 0.12712017 0.15922211 0.16463724 0.17236436 0.17644184
 0.18669239 0.18742538]  max|de|= -2.36e-07  lindep= 0.895
davidson 21 12  |r|= 0.000186  e= [0.09428887 0.12712017 0.15922211 0.16463724 0.17236436 0.17644184
 0.18669236 0.18742526]  max|de|= -1.14e-07  lindep= 0.921
davidson 22 14  |r|= 0.000126  e= [0.09428887 0.12712017 0.15922211 0.16463724 0.17236436 0.17644184
 0.18669235 0.18742521]  max|de|= -5.36e-08  lindep= 0.881
davidson 23 16  |r|= 8.83e-05  e= [0.09428887 0.12712017 0.15922211 0.16463724 0.17236436 0.17644184
 0.18669234 0.18742518]  max|de|= -2.94e-08  lindep= 0.929
davidson 24 18  |r|= 7.82e-05  e= [0.09428887 0.12712017 0.15922211 0.16463724 0.17236436 0.17644184
 0.18669234 0.18742516]  max|de|= -1.6e-08  lindep= 0.857
davidson 25 20  |r|= 5.27e-05  e= [0.09428887 0.12712017 0.15922211 0.16463724 0.17236436 0.17644184
 0.18669234 0.18742515]  max|de|= -1.1e-08  lindep= 0.909
davidson 26 22  |r|= 4.91e-05  e= [0.09428887 0.12712017 0.15922211 0.16463724 0.17236436 0.17644184
 0.18669233 0.18742515]  max|de|= -6.44e-09  lindep= 0.886
root 6 converged  |r|= 1.63e-05  e= 0.1866923326808635  max|de|= -9.06e-10
davidson 27 24  |r|= 3.77e-05  e= [0.09428887 0.12712017 0.15922211 0.16463724 0.17236436 0.17644184
 0.18669233 0.18742514]  max|de|= -4.49e-09  lindep= 0.915
davidson 28 25  |r|= 3.67e-05  e= [0.09428887 0.12712017 0.15922211 0.16463724 0.17236436 0.17644184
 0.18669233 0.18742514]  max|de|= -3.5e-09  lindep=  0.9
davidson 29 26  |r|= 3.74e-05  e= [0.09428887 0.12712017 0.15922211 0.16463724 0.17236436 0.17644184
 0.18669233 0.18742513]  max|de|= -3.31e-09  lindep= 0.877
davidson 30 27  |r|= 3.41e-05  e= [0.09428887 0.12712017 0.15922211 0.16463724 0.17236436 0.17644184
 0.18669233 0.18742513]  max|de|= -3.02e-09  lindep= 0.896
davidson 31 28  |r|= 2.39e-05  e= [0.09428887 0.12712017 0.15922211 0.16463724 0.17236436 0.17644184
 0.18669233 0.18742513]  max|de|= -1.89e-09  lindep= 0.91
root 7 converged  |r|= 1.86e-05  e= 0.1874251288892488  max|de|= -9.3e-10
converged 32 29  |r|= 1.86e-05  e= [0.09428887 0.12712017 0.15922211 0.16463724 0.17236436 0.17644184
 0.18669233 0.18742513]  max|de|= -9.3e-10
    CPU time for TDA  12180.25 sec, wall time   1524.38 sec
Excited State energies (eV)
[2.56573097 3.45911597 4.33265433 4.4800075  4.6902732  4.8012269
 5.08015708 5.10009753]

** Singlet excitation energies and oscillator strengths **
Excited State   1:      2.56573 eV    483.23 nm  f=0.0083
      81 -> 84        0.66587
      81 -> 85        0.10752
Excited State   2:      3.45912 eV    358.43 nm  f=1.2321
      83 -> 84       -0.67154
Excited State   3:      4.33265 eV    286.16 nm  f=0.0036
      80 -> 84        0.43454
      80 -> 85       -0.49918
      80 -> 86        0.16269
      81 -> 85       -0.14203
Excited State   4:      4.48001 eV    276.75 nm  f=0.2429
      82 -> 84        0.56032
      83 -> 85       -0.37620
Excited State   5:      4.69027 eV    264.34 nm  f=0.0034
      78 -> 84        0.20808
      79 -> 84        0.48821
      79 -> 85        0.11942
      82 -> 84        0.12739
      82 -> 87        0.22465
      83 -> 85        0.24533
      83 -> 87       -0.22116
Excited State   6:      4.80123 eV    258.23 nm  f=0.0021
      75 -> 85        0.10568
      78 -> 84       -0.25830
      79 -> 84       -0.11475
      82 -> 84        0.34196
      82 -> 87       -0.10551
      83 -> 85        0.46385
      83 -> 87        0.13555
Excited State   7:      5.08016 eV    244.06 nm  f=0.0351
      73 -> 84        0.10302
      76 -> 84        0.23019
      76 -> 85       -0.12311
      78 -> 84        0.27073
      79 -> 84       -0.15127
      81 -> 85       -0.33261
      83 -> 86       -0.37592
Excited State   8:      5.10010 eV    243.10 nm  f=0.0443
      73 -> 84       -0.13860
      75 -> 84        0.15704
      76 -> 84       -0.21235
      76 -> 85        0.11720
      78 -> 84        0.22156
      79 -> 84       -0.13845
      80 -> 86        0.11690
      81 -> 85        0.36732
      83 -> 85        0.11280
      83 -> 86       -0.32385

** Transition electric dipole moments (AU) **
state          X           Y           Z        Dip. S.      Osc.
  1         0.0958     -0.2832     -0.2073      0.1323      0.0083
  2         0.9748     -2.9800     -2.1697     14.5381      1.2321
  3        -0.1822      0.0223     -0.0255      0.0344      0.0036
  4         0.6042     -0.6276     -1.2059      2.2132      0.2429
  5         0.0086      0.1631      0.0559      0.0298      0.0034
  6         0.0758     -0.0401     -0.1017      0.0177      0.0021
  7         0.0416      0.5276     -0.0404      0.2818      0.0351
  8        -0.0621      0.5885      0.0641      0.3543      0.0443

** Transition velocity dipole moments (imaginary part, AU) **
state          X           Y           Z        Dip. S.      Osc.
  1         0.0036     -0.0031     -0.0145      0.0002      0.0016
  2         0.0996     -0.1445     -0.1989      0.0704      0.3690
  3         0.0070      0.0033      0.0105      0.0002      0.0007
  4         0.0844     -0.0636     -0.1792      0.0433      0.1752
  5        -0.0166      0.0135      0.0275      0.0012      0.0047
  6         0.0056      0.0290     -0.0145      0.0011      0.0041
  7         0.0070      0.0960     -0.0240      0.0098      0.0351
  8         0.0031      0.0996      0.0057      0.0100      0.0354

** Transition magnetic dipole moments (imaginary part, AU) **
state          X           Y           Z
  1        -0.0816      0.7471      0.2425
  2         0.1979     -0.1224      0.1918
  3         0.0348     -0.2489     -0.1015
  4         0.0831     -0.0578      0.1423
  5         0.4417     -0.0330      0.2430
  6         0.1992     -0.0169      0.0695
  7        -0.4095     -0.2843     -0.2021
  8        -0.2995      0.3266     -0.1577
